Temp/gradleOut/launcher/build/intermediates/manifest_merge_blame_file/release/manifest-merger-blame-release-report.txt
1<?xml version="1.0" encoding="utf-8"?>
2<!-- GENERATED BY UNITY. REMOVE THIS COMMENT TO PREVENT OVERWRITING WHEN EXPORTING AGAIN -->
3<manifest xmlns:android="http://schemas.android.com/apk/res/android"
4    package="com.linxinfa.oaidtest"
5    android:installLocation="preferExternal"
6    android:versionCode="1"
7    android:versionName="0.1" >
8
9    <uses-sdk
10        android:minSdkVersion="19"
10-->src\main\AndroidManifest.xml
11        android:targetSdkVersion="28" />
11-->src\main\AndroidManifest.xml
12
13    <supports-screens
13-->src\main\AndroidManifest.xml:4:3-163
14        android:anyDensity="true"
14-->src\main\AndroidManifest.xml:4:135-160
15        android:largeScreens="true"
15-->src\main\AndroidManifest.xml:4:78-105
16        android:normalScreens="true"
16-->src\main\AndroidManifest.xml:4:49-77
17        android:smallScreens="true"
17-->src\main\AndroidManifest.xml:4:21-48
18        android:xlargeScreens="true" />
18-->src\main\AndroidManifest.xml:4:106-134
19
20    <uses-permission android:name="android.permission.ACCESS_NETWORK_STATE" />
20-->src\main\AndroidManifest.xml:8:3-77
20-->src\main\AndroidManifest.xml:8:20-74
21    <uses-permission android:name="android.permission.INTERNET" />
21-->src\main\AndroidManifest.xml:9:3-65
21-->src\main\AndroidManifest.xml:9:20-62
22    <uses-permission android:name="android.permission.READ_PHONE_STATE" />
22-->[:unityLibrary] AndroidManifest.xml:14:5-75
22-->[:unityLibrary] AndroidManifest.xml:14:22-72
23    <uses-permission android:name="com.asus.msa.SupplementaryDID.ACCESS" />
23-->[:unityLibrary] AndroidManifest.xml:17:5-76
23-->[:unityLibrary] AndroidManifest.xml:17:22-73
24
25    <uses-feature android:glEsVersion="0x00030000" />
25-->[:unityLibrary] AndroidManifest.xml:19:5-54
25-->[:unityLibrary] AndroidManifest.xml:19:19-51
26    <uses-feature
26-->[:unityLibrary] AndroidManifest.xml:20:5-22:36
27        android:name="android.hardware.vulkan.version"
27-->[:unityLibrary] AndroidManifest.xml:21:9-55
28        android:required="false" />
28-->[:unityLibrary] AndroidManifest.xml:22:9-33
29    <uses-feature
29-->[:unityLibrary] AndroidManifest.xml:23:5-25:36
30        android:name="android.hardware.touchscreen"
30-->[:unityLibrary] AndroidManifest.xml:24:9-52
31        android:required="false" />
31-->[:unityLibrary] AndroidManifest.xml:25:9-33
32    <uses-feature
32-->[:unityLibrary] AndroidManifest.xml:26:5-28:36
33        android:name="android.hardware.touchscreen.multitouch"
33-->[:unityLibrary] AndroidManifest.xml:27:9-63
34        android:required="false" />
34-->[:unityLibrary] AndroidManifest.xml:28:9-33
35    <uses-feature
35-->[:unityLibrary] AndroidManifest.xml:29:5-31:36
36        android:name="android.hardware.touchscreen.multitouch.distinct"
36-->[:unityLibrary] AndroidManifest.xml:30:9-72
37        android:required="false" />
37-->[:unityLibrary] AndroidManifest.xml:31:9-33
38
39    <uses-permission android:name="android.permission.WRITE_EXTERNAL_STORAGE" />
40    <uses-permission android:name="android.permission.READ_EXTERNAL_STORAGE" />
41
42    <application
42-->src\main\AndroidManifest.xml:5:3-7:17
43        android:extractNativeLibs="true"
43-->src\main\AndroidManifest.xml:5:16-48
44        android:icon="@mipmap/app_icon"
44-->src\main\AndroidManifest.xml:5:82-113
45        android:label="@string/app_name" >
45-->src\main\AndroidManifest.xml:5:49-81
46        <meta-data
46-->src\main\AndroidManifest.xml:6:5-72
47            android:name="unity.builder"
47-->src\main\AndroidManifest.xml:6:16-44
48            android:value="\1728049" />
48-->src\main\AndroidManifest.xml:6:45-69
49
50        <activity
50-->[:unityLibrary] AndroidManifest.xml:34:9-53:20
51            android:name="com.linxinfa.oaidtest.MainActivity"
51-->[:unityLibrary] AndroidManifest.xml:35:13-62
52            android:configChanges="mcc|mnc|locale|touchscreen|keyboard|keyboardHidden|navigation|orientation|screenLayout|uiMode|screenSize|smallestScreenSize|fontScale|layoutDirection|density"
52-->[:unityLibrary] AndroidManifest.xml:36:13-194
53            android:hardwareAccelerated="false"
53-->[:unityLibrary] AndroidManifest.xml:37:13-48
54            android:launchMode="singleTask"
54-->[:unityLibrary] AndroidManifest.xml:38:13-44
55            android:screenOrientation="landscape"
55-->[:unityLibrary] AndroidManifest.xml:39:13-50
56            android:theme="@style/UnityThemeSelector" >
56-->[:unityLibrary] AndroidManifest.xml:40:13-54
57            <intent-filter>
57-->[:unityLibrary] AndroidManifest.xml:41:13-45:29
58                <action android:name="android.intent.action.MAIN" />
58-->[:unityLibrary] AndroidManifest.xml:42:17-69
58-->[:unityLibrary] AndroidManifest.xml:42:25-66
59
60                <category android:name="android.intent.category.LAUNCHER" />
60-->[:unityLibrary] AndroidManifest.xml:44:17-77
60-->[:unityLibrary] AndroidManifest.xml:44:27-74
61            </intent-filter>
62
63            <meta-data
63-->[:unityLibrary] AndroidManifest.xml:47:13-49:40
64                android:name="unityplayer.UnityActivity"
64-->[:unityLibrary] AndroidManifest.xml:48:17-57
65                android:value="true" />
65-->[:unityLibrary] AndroidManifest.xml:49:17-37
66            <meta-data
66-->[:unityLibrary] AndroidManifest.xml:50:13-52:40
67                android:name="android.notch_support"
67-->[:unityLibrary] AndroidManifest.xml:51:17-53
68                android:value="true" />
68-->[:unityLibrary] AndroidManifest.xml:52:17-37
69        </activity>
70
71        <meta-data
71-->[:unityLibrary] AndroidManifest.xml:55:9-57:33
72            android:name="unity.splash-mode"
72-->[:unityLibrary] AndroidManifest.xml:56:13-45
73            android:value="0" />
73-->[:unityLibrary] AndroidManifest.xml:57:13-30
74        <meta-data
74-->[:unityLibrary] AndroidManifest.xml:58:9-60:36
75            android:name="unity.splash-enable"
75-->[:unityLibrary] AndroidManifest.xml:59:13-47
76            android:value="True" />
76-->[:unityLibrary] AndroidManifest.xml:60:13-33
77        <meta-data
77-->[:unityLibrary] AndroidManifest.xml:61:9-63:50
78            android:name="notch.config"
78-->[:unityLibrary] AndroidManifest.xml:62:13-40
79            android:value="portrait|landscape" />
79-->[:unityLibrary] AndroidManifest.xml:63:13-47
80        <meta-data
80-->[:unityLibrary] AndroidManifest.xml:64:9-66:68
81            android:name="unity.build-id"
81-->[:unityLibrary] AndroidManifest.xml:65:13-42
82            android:value="80f4d058-ffbd-4e96-b43f-16461a4fee58" />
82-->[:unityLibrary] AndroidManifest.xml:66:13-65
83    </application>
84
85</manifest>